#
# There is insufficient memory for the Java Runtime Environment to continue.
# Native memory allocation (mmap) failed to map 134217728 bytes for Failed to commit area from 0x0000000081800000 to 0x0000000089800000 of length 134217728.
# Possible reasons:
#   The system is out of physical RAM or swap space
#   The process is running with CompressedOops enabled, and the Java Heap may be blocking the growth of the native heap
# Possible solutions:
#   Reduce memory load on the system
#   Increase physical memory or swap space
#   Check if swap backing store is full
#   Decrease Java heap size (-Xmx/-Xms)
#   Decrease number of Java threads
#   Decrease Java thread stack sizes (-Xss)
#   Set larger code cache with -XX:ReservedCodeCacheSize=
# This output file may be truncated or incomplete.
#
#  Out of Memory Error (t:/workspace/open/src/hotspot/os/windows/os_windows.cpp:3301), pid=9668, tid=5816
#
# JRE version:  (13.0.2+8) (build )
# Java VM: Java HotSpot(TM) 64-Bit Server VM (13.0.2+8, mixed mode, aot, sharing, tiered, compressed oops, g1 gc, windows-amd64)
# No core dump will be written. Minidumps are not enabled by default on client versions of Windows
#

---------------  S U M M A R Y ------------

Command Line: -javaagent:C:\Program Files\JetBrains\IntelliJ IDEA Community Edition 2019.3.2\lib\idea_rt.jar=58326:C:\Program Files\JetBrains\IntelliJ IDEA Community Edition 2019.3.2\bin -Dfile.encoding=UTF-8 by.epam.dailid.task1.Test1

Host: Intel(R) Core(TM) i5-5350U CPU @ 1.80GHz, 4 cores, 7G,  Windows 10 , 64 bit Build 14393 (10.0.14393.3630)
Time: Wed Apr 29 23:51:34 2020 Belarus Standard Time elapsed time: 0 seconds (0d 0h 0m 0s)

---------------  T H R E A D  ---------------

Current thread (0x000002dcbd731000):  JavaThread "Unknown thread" [_thread_in_vm, id=5816, stack(0x000000ed02000000,0x000000ed02100000)]

Stack: [0x000000ed02000000,0x000000ed02100000]
Native frames: (J=compiled Java code, j=interpreted, Vv=VM code, C=native code)
V  [jvm.dll+0x624f9a]
V  [jvm.dll+0x770cfa]
V  [jvm.dll+0x7724af]
V  [jvm.dll+0x772ab3]
V  [jvm.dll+0x24bf08]
V  [jvm.dll+0x6222aa]
V  [jvm.dll+0x6170b5]
V  [jvm.dll+0x30a88c]
V  [jvm.dll+0x30a6c2]
V  [jvm.dll+0x30fe36]
V  [jvm.dll+0x353f46]
V  [jvm.dll+0x353720]
V  [jvm.dll+0x2e550a]
V  [jvm.dll+0x2e67a2]
V  [jvm.dll+0x74dd78]
V  [jvm.dll+0x361989]
V  [jvm.dll+0x730e65]
V  [jvm.dll+0x3cc53f]
V  [jvm.dll+0x3ce861]
C  [jli.dll+0x51ff]
C  [ucrtbase.dll+0x1f4a0]
C  [KERNEL32.DLL+0x84d4]
C  [ntdll.dll+0x6e871]


---------------  P R O C E S S  ---------------

Threads class SMR info:
_java_thread_list=0x00007ffa8bb2ccb8, length=0, elements={
}

Java Threads: ( => current thread )

Other Threads:
  0x000002dcbd773800 GCTaskThread "GC Thread#0" [stack: 0x000000ed02100000,0x000000ed02200000] [id=5532]
  0x000002dcbd785000 ConcurrentGCThread "G1 Main Marker" [stack: 0x000000ed02200000,0x000000ed02300000] [id=6928]
  0x000002dcbd786800 ConcurrentGCThread "G1 Conc#0" [stack: 0x000000ed02300000,0x000000ed02400000] [id=10072]

[error occurred during error reporting (printing all threads), id 0xc0000005, EXCEPTION_ACCESS_VIOLATION (0xc0000005) at pc=0x00007ffa8b3651d7]

VM state:not at safepoint (not fully initialized)

VM Mutex/Monitor currently owned by a thread:  ([mutex/lock_event])
[0x000002dcbd72d840] Heap_lock - owner thread: 0x000002dcbd731000

Heap address: 0x0000000081800000, size: 2024 MB, Compressed Oops mode: Non-zero based: 0x0000000081800000
Narrow klass base: 0x0000000000000000, Narrow klass shift: 0

GC Heap History (0 events):
No events

Deoptimization events (0 events):
No events

Classes unloaded (0 events):
No events

Classes redefined (0 events):
No events

Internal exceptions (0 events):
No events

Events (8 events):
Event: 0.019 Loaded shared library C:\Program Files\Java\jdk-13.0.2\bin\zip.dll
Event: 0.021 Loaded shared library C:\Program Files\Java\jdk-13.0.2\bin\jimage.dll
Event: 0.026 Loading shared library C:\Program Files\Java\jdk-13.0.2\lib\libjava.base-coop.dll failed, error code 126
Event: 0.027 Loading shared library C:\Program Files\Java\jdk-13.0.2\lib\libjava.logging-coop.dll failed, error code 126
Event: 0.027 Loading shared library C:\Program Files\Java\jdk-13.0.2\lib\libjdk.compiler-coop.dll failed, error code 126
Event: 0.027 Loading shared library C:\Program Files\Java\jdk-13.0.2\lib\libjdk.scripting.nashorn-coop.dll failed, error code 126
Event: 0.027 Loading shared library C:\Program Files\Java\jdk-13.0.2\lib\libjdk.internal.vm.ci-coop.dll failed, error code 126
Event: 0.027 Loading shared library C:\Program Files\Java\jdk-13.0.2\lib\libjdk.internal.vm.compiler-coop.dll failed, error code 126


Dynamic libraries:
0x00007ff7fb820000 - 0x00007ff7fb82f000 	C:\Program Files\Java\jdk-13.0.2\bin\java.exe
0x00007ffabef60000 - 0x00007ffabf130000 	C:\Windows\SYSTEM32\ntdll.dll
0x00007ffabe7c0000 - 0x00007ffabe86c000 	C:\Windows\System32\KERNEL32.DLL
0x00007ffabba50000 - 0x00007ffabbc6c000 	C:\Windows\System32\KERNELBASE.dll
0x00007ffabbd10000 - 0x00007ffabbe04000 	C:\Windows\System32\ucrtbase.dll
0x00007ffaae960000 - 0x00007ffaae978000 	C:\Program Files\Java\jdk-13.0.2\bin\jli.dll
0x00007ffabe1f0000 - 0x00007ffabe292000 	C:\Windows\System32\ADVAPI32.dll
0x00007ffabe300000 - 0x00007ffabe39e000 	C:\Windows\System32\msvcrt.dll
0x00007ffabc980000 - 0x00007ffabc9d9000 	C:\Windows\System32\sechost.dll
0x00007ffabe870000 - 0x00007ffabe991000 	C:\Windows\System32\RPCRT4.dll
0x00007ffaacc80000 - 0x00007ffaacc95000 	C:\Program Files\Java\jdk-13.0.2\bin\VCRUNTIME140.dll
0x00007ffabca20000 - 0x00007ffabcb86000 	C:\Windows\System32\USER32.dll
0x00007ffabb800000 - 0x00007ffabb81e000 	C:\Windows\System32\win32u.dll
0x00007ffabc9e0000 - 0x00007ffabca14000 	C:\Windows\System32\GDI32.dll
0x00007ffabb450000 - 0x00007ffabb5d1000 	C:\Windows\System32\gdi32full.dll
0x00007ffaaf5a0000 - 0x00007ffaaf81a000 	C:\Windows\WinSxS\amd64_microsoft.windows.common-controls_6595b64144ccf1df_6.0.14393.3053_none_7de042968342015d\COMCTL32.dll
0x00007ffabe3a0000 - 0x00007ffabe665000 	C:\Windows\System32\combase.dll
0x00007ffabb9e0000 - 0x00007ffabba4a000 	C:\Windows\System32\bcryptPrimitives.dll
0x00007ffab6310000 - 0x00007ffab631a000 	C:\Windows\SYSTEM32\VERSION.dll
0x00007ffabc690000 - 0x00007ffabc6be000 	C:\Windows\System32\IMM32.DLL
0x00007ffaa9d80000 - 0x00007ffaa9e1b000 	C:\Program Files\Java\jdk-13.0.2\bin\msvcp140.dll
0x00007ffa8b070000 - 0x00007ffa8bbcd000 	C:\Program Files\Java\jdk-13.0.2\bin\server\jvm.dll
0x00007ffabe6e0000 - 0x00007ffabe6e8000 	C:\Windows\System32\PSAPI.DLL
0x00007ffaafc00000 - 0x00007ffaafc09000 	C:\Windows\SYSTEM32\WSOCK32.dll
0x00007ffab98d0000 - 0x00007ffab98f3000 	C:\Windows\SYSTEM32\WINMM.dll
0x00007ffabe670000 - 0x00007ffabe6da000 	C:\Windows\System32\WS2_32.dll
0x00007ffab98a0000 - 0x00007ffab98cb000 	C:\Windows\SYSTEM32\WINMMBASE.dll
0x00007ffabb7b0000 - 0x00007ffabb7f2000 	C:\Windows\System32\cfgmgr32.dll
0x00007ffabb3e0000 - 0x00007ffabb3ef000 	C:\Windows\System32\kernel.appcore.dll
0x00007ffab3d60000 - 0x00007ffab3d70000 	C:\Program Files\Java\jdk-13.0.2\bin\verify.dll
0x00007ffab40b0000 - 0x00007ffab4242000 	C:\Windows\SYSTEM32\DBGHELP.DLL
0x00007ffab3ff0000 - 0x00007ffab4019000 	C:\Windows\SYSTEM32\dbgcore.DLL
0x00007ffaac7c0000 - 0x00007ffaac7e6000 	C:\Program Files\Java\jdk-13.0.2\bin\java.dll
0x00007ffab81f0000 - 0x00007ffab81fe000 	C:\Program Files\Java\jdk-13.0.2\bin\instrument.dll
0x00007ffaaa120000 - 0x00007ffaaa137000 	C:\Program Files\Java\jdk-13.0.2\bin\zip.dll
0x00007ffaae660000 - 0x00007ffaae66a000 	C:\Program Files\Java\jdk-13.0.2\bin\jimage.dll

dbghelp: loaded successfully - version: 4.0.5 - missing functions: none
symbol engine: initialized successfully - sym options: 0x614 - pdb path: .;C:\Program Files\Java\jdk-13.0.2\bin;C:\Windows\SYSTEM32;C:\Windows\WinSxS\amd64_microsoft.windows.common-controls_6595b64144ccf1df_6.0.14393.3053_none_7de042968342015d;C:\Program Files\Java\jdk-13.0.2\bin\server

VM Arguments:
jvm_args: -javaagent:C:\Program Files\JetBrains\IntelliJ IDEA Community Edition 2019.3.2\lib\idea_rt.jar=58326:C:\Program Files\JetBrains\IntelliJ IDEA Community Edition 2019.3.2\bin -Dfile.encoding=UTF-8 
java_command: by.epam.dailid.task1.Test1
java_class_path (initial): C:\Users\User\IdeaProjects\jonline-module4\out\production\jonline-module4
Launcher Type: SUN_STANDARD

[Global flags]
     intx CICompilerCount                          = 3                                         {product} {ergonomic}
     uint ConcGCThreads                            = 1                                         {product} {ergonomic}
     uint G1ConcRefinementThreads                  = 4                                         {product} {ergonomic}
   size_t G1HeapRegionSize                         = 1048576                                   {product} {ergonomic}
    uintx GCDrainStackTargetSize                   = 64                                        {product} {ergonomic}
   size_t InitialHeapSize                          = 134217728                                 {product} {ergonomic}
   size_t MarkStackSize                            = 4194304                                   {product} {ergonomic}
   size_t MaxHeapSize                              = 2122317824                                {product} {ergonomic}
   size_t MinHeapDeltaBytes                        = 1048576                                   {product} {ergonomic}
   size_t MinHeapSize                              = 8388608                                   {product} {ergonomic}
    uintx NonNMethodCodeHeapSize                   = 5832780                                {pd product} {ergonomic}
    uintx NonProfiledCodeHeapSize                  = 122912730                              {pd product} {ergonomic}
    uintx ProfiledCodeHeapSize                     = 122912730                              {pd product} {ergonomic}
    uintx ReservedCodeCacheSize                    = 251658240                              {pd product} {ergonomic}
     bool SegmentedCodeCache                       = true                                      {product} {ergonomic}
   size_t SoftMaxHeapSize                          = 2122317824                             {manageable} {ergonomic}
     bool UseCompressedClassPointers               = true                                 {lp64_product} {ergonomic}
     bool UseCompressedOops                        = true                                 {lp64_product} {ergonomic}
     bool UseG1GC                                  = true                                      {product} {ergonomic}
     bool UseLargePagesIndividualAllocation        = false                                  {pd product} {ergonomic}

Logging:
Log output configuration:
 #0: stdout all=warning uptime,level,tags
 #1: stderr all=off uptime,level,tags

Environment Variables:
CLASSPATH=.;
PATH=C:\Program Files\Java\jdk-13.0.2\bin;C:\Program Files (x86)\Intel\iCLS Client\;C:\Program Files\Intel\iCLS Client\;C:\Windows\system32;C:\Windows;C:\Windows\System32\Wbem;C:\Windows\System32\WindowsPowerShell\v1.0\;C:\Program Files\dotnet\;C:\Program Files\Git\cmd;C:\Users\User\AppData\Local\Microsoft\WindowsApps;C:\Users\User\AppData\Local\GitHubDesktop\bin
USERNAME=User
OS=Windows_NT
PROCESSOR_IDENTIFIER=Intel64 Family 6 Model 61 Stepping 4, GenuineIntel



---------------  S Y S T E M  ---------------

OS: Windows 10 , 64 bit Build 14393 (10.0.14393.3630)

CPU:total 4 (initial active 4) (2 cores per cpu, 2 threads per core) family 6 model 61 stepping 4, cmov, cx8, fxsr, mmx, sse, sse2, sse3, ssse3, sse4.1, sse4.2, popcnt, avx, avx2, aes, clmul, erms, rtm, 3dnowpref, lzcnt, ht, tsc, tscinvbit, bmi1, bmi2, adx, fma

Memory: 4k page, system-wide physical 8094M (999M free)
TotalPageFile size 8094M (AvailPageFile size 13M)
current process WorkingSet (physical memory assigned to process): 10M, peak: 10M
current process commit charge ("private bytes"): 51M, peak: 179M

vm_info: Java HotSpot(TM) 64-Bit Server VM (13.0.2+8) for windows-amd64 JRE (13.0.2+8), built on Dec 11 2019 09:20:33 by "mach5one" with unknown MS VC++:1916

END.
