#
# There is insufficient memory for the Java Runtime Environment to continue.
# Native memory allocation (mmap) failed to map 134217728 bytes for Failed to commit area from 0x0000000081800000 to 0x0000000089800000 of length 134217728.
# Possible reasons:
#   The system is out of physical RAM or swap space
#   The process is running with CompressedOops enabled, and the Java Heap may be blocking the growth of the native heap
# Possible solutions:
#   Reduce memory load on the system
#   Increase physical memory or swap space
#   Check if swap backing store is full
#   Decrease Java heap size (-Xmx/-Xms)
#   Decrease number of Java threads
#   Decrease Java thread stack sizes (-Xss)
#   Set larger code cache with -XX:ReservedCodeCacheSize=
# This output file may be truncated or incomplete.
#
#  Out of Memory Error (t:/workspace/open/src/hotspot/os/windows/os_windows.cpp:3301), pid=9692, tid=5612
#
# JRE version:  (13.0.2+8) (build )
# Java VM: Java HotSpot(TM) 64-Bit Server VM (13.0.2+8, mixed mode, sharing, tiered, compressed oops, g1 gc, windows-amd64)
# No core dump will be written. Minidumps are not enabled by default on client versions of Windows
#

---------------  S U M M A R Y ------------

Command Line: -agentlib:jdwp=transport=dt_socket,address=127.0.0.1:61595,suspend=y,server=n -javaagent:C:\Users\User\.IdeaIC2019.3\system\captureAgent\debugger-agent.jar -Dfile.encoding=UTF-8 miscellanneous.PoolPuzzleOne

Host: Intel(R) Core(TM) i5-5350U CPU @ 1.80GHz, 4 cores, 7G,  Windows 10 , 64 bit Build 14393 (10.0.14393.2969)
Time: Tue Mar 10 02:30:13 2020 Belarus Standard Time elapsed time: 0 seconds (0d 0h 0m 0s)

---------------  T H R E A D  ---------------

Current thread (0x000001a7f5230000):  JavaThread "Unknown thread" [_thread_in_vm, id=5612, stack(0x00000078abc00000,0x00000078abd00000)]

Stack: [0x00000078abc00000,0x00000078abd00000]
Native frames: (J=compiled Java code, j=interpreted, Vv=VM code, C=native code)
V  [jvm.dll+0x624f9a]
V  [jvm.dll+0x770cfa]
V  [jvm.dll+0x7724af]
V  [jvm.dll+0x772ab3]
V  [jvm.dll+0x24bf08]
V  [jvm.dll+0x6222aa]
V  [jvm.dll+0x6170b5]
V  [jvm.dll+0x30a88c]
V  [jvm.dll+0x30a6c2]
V  [jvm.dll+0x30fe36]
V  [jvm.dll+0x353f46]
V  [jvm.dll+0x353720]
V  [jvm.dll+0x2e550a]
V  [jvm.dll+0x2e67a2]
V  [jvm.dll+0x74dd78]
V  [jvm.dll+0x361989]
V  [jvm.dll+0x730e65]
V  [jvm.dll+0x3cc53f]
V  [jvm.dll+0x3ce861]
C  [jli.dll+0x51ff]
C  [ucrtbase.dll+0x1f4a0]
C  [KERNEL32.DLL+0x84d4]
C  [ntdll.dll+0x6e8b1]


---------------  P R O C E S S  ---------------

Threads class SMR info:
_java_thread_list=0x00007ffa0474ccb8, length=0, elements={
}

Java Threads: ( => current thread )

Other Threads:
  0x000001a7f5273000 GCTaskThread "GC Thread#0" [stack: 0x00000078abd00000,0x00000078abe00000] [id=6192]
  0x000001a7f5285800 ConcurrentGCThread "G1 Main Marker" [stack: 0x00000078abe00000,0x00000078abf00000] [id=3892]
  0x000001a7f5286800 ConcurrentGCThread "G1 Conc#0" [stack: 0x00000078abf00000,0x00000078ac000000] [id=6940]

[error occurred during error reporting (printing all threads), id 0xc0000005, EXCEPTION_ACCESS_VIOLATION (0xc0000005) at pc=0x00007ffa03f851d7]

VM state:not at safepoint (not fully initialized)

VM Mutex/Monitor currently owned by a thread:  ([mutex/lock_event])
[0x000001a7f522c520] Heap_lock - owner thread: 0x000001a7f5230000

Heap address: 0x0000000081800000, size: 2024 MB, Compressed Oops mode: Non-zero based: 0x0000000081800000
Narrow klass base: 0x0000000000000000, Narrow klass shift: 0

GC Heap History (0 events):
No events

Deoptimization events (0 events):
No events

Classes unloaded (0 events):
No events

Classes redefined (0 events):
No events

Internal exceptions (0 events):
No events

Events (2 events):
Event: 0.035 Loaded shared library C:\Program Files\Java\jdk-13.0.2\bin\zip.dll
Event: 0.037 Loaded shared library C:\Program Files\Java\jdk-13.0.2\bin\jimage.dll


Dynamic libraries:
0x00007ff771440000 - 0x00007ff77144f000 	C:\Program Files\Java\jdk-13.0.2\bin\java.exe
0x00007ffa369a0000 - 0x00007ffa36b70000 	C:\Windows\SYSTEM32\ntdll.dll
0x00007ffa360c0000 - 0x00007ffa3616c000 	C:\Windows\System32\KERNEL32.DLL
0x00007ffa33410000 - 0x00007ffa3362d000 	C:\Windows\System32\KERNELBASE.dll
0x00007ffa33090000 - 0x00007ffa33184000 	C:\Windows\System32\ucrtbase.dll
0x00007ffa25500000 - 0x00007ffa25518000 	C:\Program Files\Java\jdk-13.0.2\bin\jli.dll
0x00007ffa33f90000 - 0x00007ffa34032000 	C:\Windows\System32\ADVAPI32.dll
0x00007ffa361d0000 - 0x00007ffa3626e000 	C:\Windows\System32\msvcrt.dll
0x00007ffa34210000 - 0x00007ffa34269000 	C:\Windows\System32\sechost.dll
0x00007ffa35f90000 - 0x00007ffa360b1000 	C:\Windows\System32\RPCRT4.dll
0x00007ffa36270000 - 0x00007ffa363d5000 	C:\Windows\System32\USER32.dll
0x00007ffa33f10000 - 0x00007ffa33f2e000 	C:\Windows\System32\win32u.dll
0x00007ffa35e50000 - 0x00007ffa35e84000 	C:\Windows\System32\GDI32.dll
0x00007ffa32e90000 - 0x00007ffa33011000 	C:\Windows\System32\gdi32full.dll
0x00007ffa24f50000 - 0x00007ffa24f65000 	C:\Program Files\Java\jdk-13.0.2\bin\VCRUNTIME140.dll
0x00007ffa26320000 - 0x00007ffa2659a000 	C:\Windows\WinSxS\amd64_microsoft.windows.common-controls_6595b64144ccf1df_6.0.14393.3053_none_7de042968342015d\COMCTL32.dll
0x00007ffa36510000 - 0x00007ffa367d5000 	C:\Windows\System32\combase.dll
0x00007ffa33020000 - 0x00007ffa3308a000 	C:\Windows\System32\bcryptPrimitives.dll
0x00007ffa2b910000 - 0x00007ffa2b91a000 	C:\Windows\SYSTEM32\VERSION.dll
0x00007ffa34040000 - 0x00007ffa3406e000 	C:\Windows\System32\IMM32.DLL
0x00007ffa20f50000 - 0x00007ffa20feb000 	C:\Program Files\Java\jdk-13.0.2\bin\msvcp140.dll
0x00007ffa03c90000 - 0x00007ffa047ed000 	C:\Program Files\Java\jdk-13.0.2\bin\server\jvm.dll
0x00007ffa35e40000 - 0x00007ffa35e48000 	C:\Windows\System32\PSAPI.DLL
0x00007ffa27830000 - 0x00007ffa27839000 	C:\Windows\SYSTEM32\WSOCK32.dll
0x00007ffa363e0000 - 0x00007ffa3644a000 	C:\Windows\System32\WS2_32.dll
0x00007ffa30c40000 - 0x00007ffa30c63000 	C:\Windows\SYSTEM32\WINMM.dll
0x00007ffa30c10000 - 0x00007ffa30c3b000 	C:\Windows\SYSTEM32\WINMMBASE.dll
0x00007ffa33ec0000 - 0x00007ffa33f02000 	C:\Windows\System32\cfgmgr32.dll
0x00007ffa32e30000 - 0x00007ffa32e3f000 	C:\Windows\System32\kernel.appcore.dll
0x00007ffa2f7e0000 - 0x00007ffa2f7f0000 	C:\Program Files\Java\jdk-13.0.2\bin\verify.dll
0x00007ffa2b3c0000 - 0x00007ffa2b552000 	C:\Windows\SYSTEM32\DBGHELP.DLL
0x00007ffa2b340000 - 0x00007ffa2b369000 	C:\Windows\SYSTEM32\dbgcore.DLL
0x00007ffa24f20000 - 0x00007ffa24f46000 	C:\Program Files\Java\jdk-13.0.2\bin\java.dll
0x00007ffa20f10000 - 0x00007ffa20f48000 	C:\Program Files\Java\jdk-13.0.2\bin\jdwp.dll
0x00007ffa243e0000 - 0x00007ffa243ee000 	C:\Program Files\Java\jdk-13.0.2\bin\instrument.dll
0x00007ffa24780000 - 0x00007ffa24797000 	C:\Program Files\Java\jdk-13.0.2\bin\zip.dll
0x00007ffa2f6f0000 - 0x00007ffa2f6fa000 	C:\Program Files\Java\jdk-13.0.2\bin\jimage.dll

dbghelp: loaded successfully - version: 4.0.5 - missing functions: none
symbol engine: initialized successfully - sym options: 0x614 - pdb path: .;C:\Program Files\Java\jdk-13.0.2\bin;C:\Windows\SYSTEM32;C:\Windows\WinSxS\amd64_microsoft.windows.common-controls_6595b64144ccf1df_6.0.14393.3053_none_7de042968342015d;C:\Program Files\Java\jdk-13.0.2\bin\server

VM Arguments:
jvm_args: -agentlib:jdwp=transport=dt_socket,address=127.0.0.1:61595,suspend=y,server=n -javaagent:C:\Users\User\.IdeaIC2019.3\system\captureAgent\debugger-agent.jar -Dfile.encoding=UTF-8 
java_command: miscellanneous.PoolPuzzleOne
java_class_path (initial): C:\Users\User\IdeaProjects\jonline-mod01\out\production\jonline-mod01;C:\Program Files\JetBrains\IntelliJ IDEA Community Edition 2019.3.2\lib\idea_rt.jar
Launcher Type: SUN_STANDARD

[Global flags]
     intx CICompilerCount                          = 3                                         {product} {ergonomic}
     uint ConcGCThreads                            = 1                                         {product} {ergonomic}
     uint G1ConcRefinementThreads                  = 4                                         {product} {ergonomic}
   size_t G1HeapRegionSize                         = 1048576                                   {product} {ergonomic}
    uintx GCDrainStackTargetSize                   = 64                                        {product} {ergonomic}
   size_t InitialHeapSize                          = 134217728                                 {product} {ergonomic}
   size_t MarkStackSize                            = 4194304                                   {product} {ergonomic}
   size_t MaxHeapSize                              = 2122317824                                {product} {ergonomic}
   size_t MinHeapDeltaBytes                        = 1048576                                   {product} {ergonomic}
   size_t MinHeapSize                              = 8388608                                   {product} {ergonomic}
    uintx NonNMethodCodeHeapSize                   = 5832780                                {pd product} {ergonomic}
    uintx NonProfiledCodeHeapSize                  = 122912730                              {pd product} {ergonomic}
    uintx ProfiledCodeHeapSize                     = 122912730                              {pd product} {ergonomic}
    uintx ReservedCodeCacheSize                    = 251658240                              {pd product} {ergonomic}
     bool SegmentedCodeCache                       = true                                      {product} {ergonomic}
   size_t SoftMaxHeapSize                          = 2122317824                             {manageable} {ergonomic}
     bool UseCompressedClassPointers               = true                                 {lp64_product} {ergonomic}
     bool UseCompressedOops                        = true                                 {lp64_product} {ergonomic}
     bool UseG1GC                                  = true                                      {product} {ergonomic}
     bool UseLargePagesIndividualAllocation        = false                                  {pd product} {ergonomic}

Logging:
Log output configuration:
 #0: stdout all=warning uptime,level,tags
 #1: stderr all=off uptime,level,tags

Environment Variables:
CLASSPATH=.;
PATH=C:\Program Files\Java\jdk-13.0.2\bin;C:\Program Files (x86)\Intel\iCLS Client\;C:\Program Files\Intel\iCLS Client\;C:\Windows\system32;C:\Windows;C:\Windows\System32\Wbem;C:\Windows\System32\WindowsPowerShell\v1.0\;C:\Program Files\dotnet\;C:\Users\User\AppData\Local\Microsoft\WindowsApps
USERNAME=User
OS=Windows_NT
PROCESSOR_IDENTIFIER=Intel64 Family 6 Model 61 Stepping 4, GenuineIntel



---------------  S Y S T E M  ---------------

OS: Windows 10 , 64 bit Build 14393 (10.0.14393.2969)

CPU:total 4 (initial active 4) (2 cores per cpu, 2 threads per core) family 6 model 61 stepping 4, cmov, cx8, fxsr, mmx, sse, sse2, sse3, ssse3, sse4.1, sse4.2, popcnt, avx, avx2, aes, clmul, erms, rtm, 3dnowpref, lzcnt, ht, tsc, tscinvbit, bmi1, bmi2, adx, fma

Memory: 4k page, system-wide physical 8094M (1421M free)
TotalPageFile size 8094M (AvailPageFile size 96M)
current process WorkingSet (physical memory assigned to process): 10M, peak: 10M
current process commit charge ("private bytes"): 51M, peak: 179M

vm_info: Java HotSpot(TM) 64-Bit Server VM (13.0.2+8) for windows-amd64 JRE (13.0.2+8), built on Dec 11 2019 09:20:33 by "mach5one" with unknown MS VC++:1916

END.
